<?xml version="1.0" encoding="UTF-8"?>
<!-- Generated by org.testng.reporters.JUnitXMLReporter -->
<testsuite hostname="FinatelAdmin" ignored="0" name="SearchList" tests="4" failures="0" timestamp="29 Nov 2017 11:29:15 GMT" time="54.153" errors="0">
  <testcase name="selectSeat" time="20.193" classname="testcase.TestSearchListPage"/>
  <testcase name="selectBoardingAndDroppingPoints" time="20.037" classname="testcase.TestSearchListPage"/>
  <testcase name="searchListTicketDetails" time="13.876" classname="testcase.TestSearchListPage"/>
  <testcase name="Submit" time="0.028" classname="testcase.TestSearchListPage"/>
</testsuite> <!-- SearchList -->
